[2021-05-18 21:33:48.446] [exthost] [info] extension host started
[2021-05-18 21:33:48.594] [exthost] [info] ExtensionService#_doActivateExtension vscode.debug-auto-launch {"startup":true,"extensionId":{"value":"vscode.debug-auto-launch","_lower":"vscode.debug-auto-launch"},"activationEvent":"*"}
[2021-05-18 21:33:48.595] [exthost] [info] ExtensionService#loadCommonJSModule file:///home/ubuntu/.vscode-server/bin/054a9295330880ed74ceaedda236253b4f39a335/extensions/debug-auto-launch/dist/extension
[2021-05-18 21:33:48.601] [exthost] [info] ExtensionService#_doActivateExtension vscode.git {"startup":true,"extensionId":{"value":"vscode.github","_lower":"vscode.github"},"activationEvent":"*"}
[2021-05-18 21:33:48.602] [exthost] [info] ExtensionService#loadCommonJSModule file:///home/ubuntu/.vscode-server/bin/054a9295330880ed74ceaedda236253b4f39a335/extensions/git/dist/main
[2021-05-18 21:33:50.076] [exthost] [info] ExtensionService#_doActivateExtension vscode.github {"startup":true,"extensionId":{"value":"vscode.github","_lower":"vscode.github"},"activationEvent":"*"}
[2021-05-18 21:33:50.077] [exthost] [info] ExtensionService#loadCommonJSModule file:///home/ubuntu/.vscode-server/bin/054a9295330880ed74ceaedda236253b4f39a335/extensions/github/dist/extension.js
[2021-05-18 21:33:50.200] [exthost] [info] ExtensionService#_doActivateExtension vscode.emmet {"startup":false,"extensionId":{"value":"vscode.emmet","_lower":"vscode.emmet"},"activationEvent":"onStartupFinished"}
[2021-05-18 21:33:50.201] [exthost] [info] ExtensionService#loadCommonJSModule file:///home/ubuntu/.vscode-server/bin/054a9295330880ed74ceaedda236253b4f39a335/extensions/emmet/dist/node/emmetNodeMain
[2021-05-18 21:33:50.215] [exthost] [info] ExtensionService#_doActivateExtension vscode.merge-conflict {"startup":false,"extensionId":{"value":"vscode.merge-conflict","_lower":"vscode.merge-conflict"},"activationEvent":"onStartupFinished"}
[2021-05-18 21:33:50.216] [exthost] [info] ExtensionService#loadCommonJSModule file:///home/ubuntu/.vscode-server/bin/054a9295330880ed74ceaedda236253b4f39a335/extensions/merge-conflict/dist/mergeConflictMain
[2021-05-18 21:33:50.222] [exthost] [info] ExtensionService#_doActivateExtension vscode.testing-editor-contributions {"startup":false,"extensionId":{"value":"vscode.testing-editor-contributions","_lower":"vscode.testing-editor-contributions"},"activationEvent":"onStartupFinished"}
[2021-05-18 21:33:50.223] [exthost] [info] ExtensionService#loadCommonJSModule file:///home/ubuntu/.vscode-server/bin/054a9295330880ed74ceaedda236253b4f39a335/extensions/testing-editor-contributions/dist/extension.js
[2021-05-18 21:33:50.224] [exthost] [info] eager extensions activated
[2021-05-18 21:33:50.285] [exthost] [info] ExtensionService#_doActivateExtension ms-vscode.js-debug {"startup":false,"extensionId":{"value":"ms-vscode.js-debug","_lower":"ms-vscode.js-debug"},"activationEvent":"onCommand:extension.js-debug.clearAutoAttachVariables"}
[2021-05-18 21:33:50.286] [exthost] [info] ExtensionService#loadCommonJSModule file:///home/ubuntu/.vscode-server/bin/054a9295330880ed74ceaedda236253b4f39a335/extensions/ms-vscode.js-debug/src/extension.js
[2021-05-18 21:36:47.666] [exthost] [info] ExtensionService#_doActivateExtension vscode.configuration-editing {"startup":false,"extensionId":{"value":"vscode.configuration-editing","_lower":"vscode.configuration-editing"},"activationEvent":"onLanguage:jsonc"}
[2021-05-18 21:36:47.667] [exthost] [info] ExtensionService#loadCommonJSModule file:///home/ubuntu/.vscode-server/bin/054a9295330880ed74ceaedda236253b4f39a335/extensions/configuration-editing/dist/configurationEditingMain
[2021-05-18 21:36:47.672] [exthost] [info] ExtensionService#_doActivateExtension vscode.json-language-features {"startup":false,"extensionId":{"value":"vscode.json-language-features","_lower":"vscode.json-language-features"},"activationEvent":"onLanguage:jsonc"}
[2021-05-18 21:36:47.673] [exthost] [info] ExtensionService#loadCommonJSModule file:///home/ubuntu/.vscode-server/bin/054a9295330880ed74ceaedda236253b4f39a335/extensions/json-language-features/client/dist/node/jsonClientMain
[2021-05-18 21:36:47.726] [exthost] [info] ExtensionService#_doActivateExtension vscode.typescript-language-features {"startup":false,"extensionId":{"value":"vscode.typescript-language-features","_lower":"vscode.typescript-language-features"},"activationEvent":"onLanguage:jsonc"}
[2021-05-18 21:36:47.727] [exthost] [info] ExtensionService#loadCommonJSModule file:///home/ubuntu/.vscode-server/bin/054a9295330880ed74ceaedda236253b4f39a335/extensions/typescript-language-features/dist/extension
[2021-05-18 22:11:25.689] [exthost] [warning] [Decorations] CAPPING events from decorations provider vscode.git 1444
[2021-05-18 22:11:28.546] [exthost] [warning] [Decorations] CAPPING events from decorations provider vscode.git 1444
[2021-05-18 22:11:33.630] [exthost] [warning] [Decorations] CAPPING events from decorations provider vscode.git 1444
[2021-05-18 22:11:36.777] [exthost] [warning] [Decorations] CAPPING events from decorations provider vscode.git 1444
[2021-05-18 22:11:38.716] [exthost] [warning] [Decorations] CAPPING events from decorations provider vscode.git 1444
[2021-05-18 22:11:45.145] [exthost] [warning] [Decorations] CAPPING events from decorations provider vscode.git 1444
[2021-05-18 22:11:52.536] [exthost] [warning] [Decorations] CAPPING events from decorations provider vscode.git 1444
[2021-05-18 22:11:58.390] [exthost] [warning] [Decorations] CAPPING events from decorations provider vscode.git 1444
[2021-05-18 22:12:33.293] [exthost] [warning] [Decorations] CAPPING events from decorations provider vscode.git 1444
[2021-05-18 22:12:38.390] [exthost] [warning] [Decorations] CAPPING events from decorations provider vscode.git 1444
[2021-05-18 22:12:43.461] [exthost] [warning] [Decorations] CAPPING events from decorations provider vscode.git 1444
[2021-05-18 22:12:48.644] [exthost] [warning] [Decorations] CAPPING events from decorations provider vscode.git 1444
[2021-05-18 22:12:53.736] [exthost] [warning] [Decorations] CAPPING events from decorations provider vscode.git 1444
[2021-05-18 22:12:58.810] [exthost] [warning] [Decorations] CAPPING events from decorations provider vscode.git 1444
[2021-05-18 22:14:56.345] [exthost] [warning] [Decorations] CAPPING events from decorations provider vscode.git 1444
[2021-05-18 22:15:01.433] [exthost] [warning] [Decorations] CAPPING events from decorations provider vscode.git 1444
[2021-05-18 22:15:06.513] [exthost] [warning] [Decorations] CAPPING events from decorations provider vscode.git 1444
[2021-05-18 22:15:11.703] [exthost] [warning] [Decorations] CAPPING events from decorations provider vscode.git 1444
[2021-05-18 22:15:16.799] [exthost] [warning] [Decorations] CAPPING events from decorations provider vscode.git 1444
[2021-05-18 22:15:21.871] [exthost] [warning] [Decorations] CAPPING events from decorations provider vscode.git 1444
[2021-05-18 22:15:27.042] [exthost] [warning] [Decorations] CAPPING events from decorations provider vscode.git 1444
[2021-05-18 22:15:32.240] [exthost] [warning] [Decorations] CAPPING events from decorations provider vscode.git 1445
[2021-05-18 22:15:37.320] [exthost] [warning] [Decorations] CAPPING events from decorations provider vscode.git 1445
[2021-05-18 22:15:42.391] [exthost] [warning] [Decorations] CAPPING events from decorations provider vscode.git 1445
[2021-05-18 22:15:47.467] [exthost] [warning] [Decorations] CAPPING events from decorations provider vscode.git 1445
[2021-05-18 22:15:52.539] [exthost] [warning] [Decorations] CAPPING events from decorations provider vscode.git 1445
[2021-05-18 22:15:57.622] [exthost] [warning] [Decorations] CAPPING events from decorations provider vscode.git 1445
[2021-05-18 22:16:02.808] [exthost] [warning] [Decorations] CAPPING events from decorations provider vscode.git 1445
[2021-05-18 22:16:07.898] [exthost] [warning] [Decorations] CAPPING events from decorations provider vscode.git 1445
[2021-05-18 22:16:12.967] [exthost] [warning] [Decorations] CAPPING events from decorations provider vscode.git 1445
[2021-05-18 22:16:18.175] [exthost] [warning] [Decorations] CAPPING events from decorations provider vscode.git 1445
[2021-05-18 22:16:23.257] [exthost] [warning] [Decorations] CAPPING events from decorations provider vscode.git 1445
[2021-05-18 22:16:28.329] [exthost] [warning] [Decorations] CAPPING events from decorations provider vscode.git 1445
[2021-05-18 22:17:43.684] [exthost] [warning] [Decorations] CAPPING events from decorations provider vscode.git 1445
[2021-05-18 22:17:43.733] [exthost] [warning] [Decorations] CAPPING events from decorations provider vscode.git 1445
